<?xml version="1.0" encoding="UTF-8"?>
<testsuite xmlns:xsi="http://www.w3.org/2001/XMLSchema-instance" xsi:noNamespaceSchemaLocation="https://maven.apache.org/surefire/maven-surefire-plugin/xsd/surefire-test-report-3.0.xsd" version="3.0" name="com.example.BancoDeDados.BancoDeDadosApplicationTests" time="17.306" tests="1" errors="0" skipped="0" failures="0">
  <properties>
[...]
</properties>
  <testcase name="contextLoads" classname="com.example.BancoDeDados.BancoDeDadosApplicationTests" time="1.381">
    <system-out><![CDATA[08:51:53.123 [main] INFO org.springframework.test.context.support.AnnotationConfigContextLoaderUtils -- Could not detect default configuration classes for test class [com.example.BancoDeDados.BancoDeDadosApplicationTests]: BancoDeDadosApplicationTests does not declare any static, non-private, non-final, nested classes annotated with @Configuration.
08:51:53.392 [main] INFO org.springframework.boot.test.context.SpringBootTestContextBootstrapper -- Found @SpringBootConfiguration com.example.BancoDeDados.BancoDeDadosApplication for test class com.example.BancoDeDados.BancoDeDadosApplicationTests
08:51:53.923 [main] INFO org.springframework.boot.devtools.restart.RestartApplicationListener -- Restart disabled due to context in which it is running

  .   ____          _            __ _ _
 /\\ / ___'_ __ _ _(_)_ __  __ _ \ \ \ \
( ( )\___ | '_ | '_| | '_ \/ _` | \ \ \ \
 \\/  ___)| |_)| | | | | || (_| |  ) ) ) )
  '  |____| .__|_| |_|_| |_\__, | / / / /
 =========|_|==============|___/=/_/_/_/

 :: Spring Boot ::                (v3.3.3)

2024-11-26T08:51:54.574-03:00  WARN 10364 --- [BancoDeDados] [           main] ory$DuplicateJsonObjectContextCustomizer : 

Found multiple occurrences of org.json.JSONObject on the class path:

	jar:file:/C:/Users/David/.m2/repository/com/vaadin/external/google/android-json/0.0.20131108.vaadin1/android-json-0.0.20131108.vaadin1.jar!/org/json/JSONObject.class
	jar:file:/C:/Users/David/.m2/repository/org/json/json/20230227/json-20230227.jar!/org/json/JSONObject.class

You may wish to exclude one of them to ensure predictable runtime behavior

2024-11-26T08:51:54.617-03:00  INFO 10364 --- [BancoDeDados] [           main] c.e.B.BancoDeDadosApplicationTests       : Starting BancoDeDadosApplicationTests using Java 17.0.7 with PID 10364 (started by David in C:\Users\David\Desktop\MIANSN\BancoDeQuestoes)
2024-11-26T08:51:54.619-03:00  INFO 10364 --- [BancoDeDados] [           main] c.e.B.BancoDeDadosApplicationTests       : No active profile set, falling back to 1 default profile: "default"
2024-11-26T08:51:56.894-03:00  INFO 10364 --- [BancoDeDados] [           main] .s.d.r.c.RepositoryConfigurationDelegate : Bootstrapping Spring Data JPA repositories in DEFAULT mode.
2024-11-26T08:51:57.105-03:00  INFO 10364 --- [BancoDeDados] [           main] .s.d.r.c.RepositoryConfigurationDelegate : Finished Spring Data repository scanning in 183 ms. Found 5 JPA repository interfaces.
2024-11-26T08:51:58.503-03:00  INFO 10364 --- [BancoDeDados] [           main] o.hibernate.jpa.internal.util.LogHelper  : HHH000204: Processing PersistenceUnitInfo [name: default]
2024-11-26T08:51:58.710-03:00  INFO 10364 --- [BancoDeDados] [           main] org.hibernate.Version                    : HHH000412: Hibernate ORM core version 6.5.2.Final
2024-11-26T08:51:58.880-03:00  INFO 10364 --- [BancoDeDados] [           main] o.h.c.internal.RegionFactoryInitiator    : HHH000026: Second-level cache disabled
2024-11-26T08:52:00.177-03:00  INFO 10364 --- [BancoDeDados] [           main] o.s.o.j.p.SpringPersistenceUnitInfo      : No LoadTimeWeaver setup: ignoring JPA class transformer
2024-11-26T08:52:00.269-03:00  INFO 10364 --- [BancoDeDados] [           main] com.zaxxer.hikari.HikariDataSource       : HikariPool-1 - Starting...
2024-11-26T08:52:00.849-03:00  INFO 10364 --- [BancoDeDados] [           main] com.zaxxer.hikari.pool.HikariPool        : HikariPool-1 - Added connection org.postgresql.jdbc.PgConnection@750e2d33
2024-11-26T08:52:00.855-03:00  INFO 10364 --- [BancoDeDados] [           main] com.zaxxer.hikari.HikariDataSource       : HikariPool-1 - Start completed.
2024-11-26T08:52:01.243-03:00  WARN 10364 --- [BancoDeDados] [           main] org.hibernate.orm.deprecation            : HHH90000025: PostgreSQLDialect does not need to be specified explicitly using 'hibernate.dialect' (remove the property setting and it will be selected by default)
2024-11-26T08:52:04.530-03:00  INFO 10364 --- [BancoDeDados] [           main] o.h.e.t.j.p.i.JtaPlatformInitiator       : HHH000489: No JTA platform available (set 'hibernate.transaction.jta.platform' to enable JTA platform integration)
2024-11-26T08:52:04.695-03:00  INFO 10364 --- [BancoDeDados] [           main] j.LocalContainerEntityManagerFactoryBean : Initialized JPA EntityManagerFactory for persistence unit 'default'
2024-11-26T08:52:05.865-03:00  INFO 10364 --- [BancoDeDados] [           main] r$InitializeUserDetailsManagerConfigurer : Global AuthenticationManager configured with UserDetailsService bean with name serviceLoginProfessor
2024-11-26T08:52:06.313-03:00  WARN 10364 --- [BancoDeDados] [           main] JpaBaseConfiguration$JpaWebConfiguration : spring.jpa.open-in-view is enabled by default. Therefore, database queries may be performed during view rendering. Explicitly configure spring.jpa.open-in-view to disable this warning
2024-11-26T08:52:08.062-03:00  WARN 10364 --- [BancoDeDados] [           main] ion$DefaultTemplateResolverConfiguration : Cannot find template location: classpath:/templates/ (please add some templates, check your Thymeleaf configuration, or set spring.thymeleaf.check-template-location=false)
2024-11-26T08:52:08.567-03:00  INFO 10364 --- [BancoDeDados] [           main] c.e.B.BancoDeDadosApplicationTests       : Started BancoDeDadosApplicationTests in 14.668 seconds (process running for 17.901)
]]></system-out>
  </testcase>
</testsuite>